     1: #include <htc.h>
     2: 
     3: // constante requerida para funciones
     4: // de espera de tiempo
     5: #define _XTAL_FREQ 1000000 //1MHz osc
     6: 
     7: void main(){
     8:     // configura en binario el bit4 de
     9:     // registro PORTB(RB4) como salida,
    10:     // los demás bits como entradas
    11:     // bits 76543210
    12:     TRISB = 0b11101111;
    13:     TRISA = 0b00000011;
    14:     while(1) {
    15:         // Esperar hasta que se presione alguno de los pulsadores
    16:         if (RA0 == 0 || RA1 == 0) {
    17:             // Comenzar a titilar los LEDs de manera alternada cada 250 ms
    18:             while(1) {
    19:                PORTB = PORTB ^ 0b00010000; // Alternar los LEDs RB4 y RB5
    20:                 __delay_ms(250); // Esperar 250 milisegundos
    21:             }
    22:         }
    23:     }
    24: }